\BOOKMARK [0][-]{chapter.1}{\376\377\000W\000p\000r\000o\000w\000a\000d\000z\000e\000n\000i\000e}{}% 1
\BOOKMARK [1][-]{section.1.1}{\376\377\000O\000p\000i\000s\000\040\000z\000a\001\102\000o\001\174\000e\001\104\000\040\000p\000r\000o\000j\000e\000k\000t\000u}{chapter.1}% 2
\BOOKMARK [1][-]{section.1.2}{\376\377\000Z\000a\000w\000a\000r\000t\000o\000s\001\007\000\040\000p\000r\000a\000c\000y}{chapter.1}% 3
\BOOKMARK [0][-]{chapter.2}{\376\377\000O\000p\000i\000s\000\040\000s\000t\000r\000u\000k\000t\000u\000r\000y\000\040\000p\000r\000o\000j\000e\000k\000t\000u}{}% 4
\BOOKMARK [1][-]{section.2.1}{\376\377\000P\000o\000l\000e\000c\000e\000n\000i\000e\000\040\000S\000Q\000L\000:}{chapter.2}% 5
\BOOKMARK [1][-]{section.2.2}{\376\377\000Z\000a\000r\000z\001\005\000d\000z\000a\000n\000i\000e\000\040\000d\000a\000n\000y\000m\000i\000\040\000i\000\040\000b\000a\000z\000a\000\040\000d\000a\000n\000y\000c\000h\000:}{chapter.2}% 6
\BOOKMARK [1][-]{section.2.3}{\376\377\000D\000a\000n\000e\000\040\000T\000e\000c\000h\000n\000i\000c\000z\000n\000e\000:}{chapter.2}% 7
\BOOKMARK [1][-]{section.2.4}{\376\377\000D\000z\000i\000a\001\102\000a\000n\000i\000e}{chapter.2}% 8
\BOOKMARK [0][-]{chapter.3}{\376\377\000P\000r\000e\000z\000e\000n\000t\000a\000c\000j\000a\000\040\000e\000l\000e\000m\000e\000n\000t\000\363\000w\000\040\000p\000r\000o\000j\000e\000k\000t\000u\000:}{}% 9
\BOOKMARK [1][-]{section.3.1}{\376\377\000P\000r\000e\000z\000e\000n\000t\000a\000c\000j\000a\000\040\000w\000a\000r\000s\000t\000w\000y\000\040\000u\001\174\000y\000t\000k\000o\000w\000e\000j}{chapter.3}% 10
\BOOKMARK [1][-]{section.3.2}{\376\377\000B\000a\000z\000y\000\040\000D\000a\000n\000y\000c\000h\000\040\000M\000y\000S\000Q\000L}{chapter.3}% 11
\BOOKMARK [1][-]{section.3.3}{\376\377\000P\000r\000e\000z\000e\000n\000t\000a\000c\000j\000a\000\040\000k\000o\000d\000u}{chapter.3}% 12
\BOOKMARK [0][-]{chapter.4}{\376\377\000P\000o\000d\000s\000u\000m\000o\000w\000a\000n\000i\000e}{}% 13
\BOOKMARK [1][-]{section.4.1}{\376\377\000P\000o\000d\000s\000u\000m\000o\000w\000a\000n\000i\000e\000\040\000o\000g\000\363\000l\000n\000e}{chapter.4}% 14
\BOOKMARK [1][-]{section.4.2}{\376\377\000H\000a\000r\000m\000o\000n\000o\000g\000r\000a\000m\000\040\000r\000e\000a\000l\000i\000z\000a\000c\000j\000i\000\040\000p\000r\000o\000j\000e\000k\000t\000u}{chapter.4}% 15
\BOOKMARK [1][-]{section.4.3}{\376\377\000W\000n\000i\000o\000s\000k\000i}{chapter.4}% 16
\BOOKMARK [1][-]{section.4.4}{\376\377\000O\001\133\000w\000i\000a\000d\000c\000z\000e\000n\000i\000e\000\040\000s\000t\000u\000d\000e\000n\000t\000a\000\040\000o\000\040\000s\000a\000m\000o\000d\000z\000i\000e\000l\000n\000o\001\133\000c\000i\000\040\000p\000r\000a\000c\000y}{chapter.4}% 17
\BOOKMARK [1][-]{figure.caption.14}{\376\377\000B\000i\000b\000l\000i\000o\000g\000r\000a\000f\000i\000a}{chapter.4}% 18
\BOOKMARK [1][-]{chapter*.15}{\376\377\000S\000p\000i\000s\000\040\000r\000y\000s\000u\000n\000k\000\363\000w}{chapter.4}% 19
\BOOKMARK [1][-]{chapter*.15}{\376\377\000S\000p\000i\000s\000\040\000t\000a\000b\000e\000l}{chapter.4}% 20
\BOOKMARK [1][-]{chapter*.15}{\376\377\000S\000p\000i\000s\000\040\000l\000i\000s\000t\000i\000n\000g\000\363\000w}{chapter.4}% 21
